<?xml version="1.0" encoding="UTF-8"?>
<!-- Generated by org.testng.reporters.JUnitXMLReporter -->
<testsuite ignored="2" hostname="Acer_Nitro" failures="0" tests="1" name="Default test" time="204.551" errors="0" timestamp="2022-12-06T12:12:42 IST">
  <testcase classname="com.Nexquare.tests.AddStaffTest" name="feeConfiguration" time="184.861"/>
  <testcase classname="com.Nexquare.tests.AddStaffTest" name="searchCreatedStaff" time="0.0">
    <ignored/>
  </testcase> <!-- searchCreatedStaff -->
  <testcase classname="com.Nexquare.tests.AddStaffTest" name="personalDetails" time="0.0">
    <ignored/>
  </testcase> <!-- personalDetails -->
</testsuite> <!-- Default test -->
