<?xml version="1.0" encoding="UTF-8"?>
<testng-results ignored="2" total="3" passed="1" failed="0" skipped="0">
  <reporter-output>
  </reporter-output>
  <suite started-at="2022-12-06T12:09:18 IST" name="Default suite" finished-at="2022-12-06T12:12:42 IST" duration-ms="204551">
    <groups>
    </groups>
    <test started-at="2022-12-06T12:09:18 IST" name="Default test" finished-at="2022-12-06T12:12:42 IST" duration-ms="204551">
      <class name="com.Nexquare.tests.AddStaffTest">
        <test-method is-config="true" signature="SetUp()[pri:0, instance:com.Nexquare.tests.AddStaffTest@fba92d3]" started-at="2022-12-06T12:09:18 IST" name="SetUp" finished-at="2022-12-06T12:09:21 IST" duration-ms="3158" status="PASS">
          <reporter-output>
          </reporter-output>
        </test-method> <!-- SetUp -->
        <test-method is-config="true" signature="initialie()[pri:0, instance:com.Nexquare.tests.AddStaffTest@fba92d3]" started-at="2022-12-06T12:09:21 IST" name="initialie" finished-at="2022-12-06T12:09:21 IST" duration-ms="2" status="PASS">
          <reporter-output>
          </reporter-output>
        </test-method> <!-- initialie -->
        <test-method signature="feeConfiguration()[pri:0, instance:com.Nexquare.tests.AddStaffTest@fba92d3]" started-at="2022-12-06T12:09:21 IST" name="feeConfiguration" finished-at="2022-12-06T12:12:26 IST" duration-ms="184861" status="PASS">
          <reporter-output>
          </reporter-output>
        </test-method> <!-- feeConfiguration -->
        <test-method is-config="true" signature="TearDown(org.testng.ITestResult)[pri:0, instance:com.Nexquare.tests.AddStaffTest@fba92d3]" started-at="2022-12-06T12:12:26 IST" name="TearDown" finished-at="2022-12-06T12:12:42 IST" duration-ms="16470" status="PASS">
          <params>
            <param index="0">
              <value>
                <![CDATA[[TestResult name=feeConfiguration status=SUCCESS method=AddStaffTest.feeConfiguration()[pri:0, instance:com.Nexquare.tests.AddStaffTest@fba92d3] output={null}]]]>
              </value>
            </param>
          </params>
          <reporter-output>
          </reporter-output>
        </test-method> <!-- TearDown -->
      </class> <!-- com.Nexquare.tests.AddStaffTest -->
    </test> <!-- Default test -->
  </suite> <!-- Default suite -->
</testng-results>
